SF:lib/core/data/http/client/api_client.dart
DA:23,0
DA:25,0
DA:35,0
DA:38,0
DA:40,0
DA:43,0
DA:44,0
DA:45,0
DA:51,0
DA:52,0
DA:53,0
DA:54,0
DA:55,0
DA:60,0
DA:61,0
DA:63,0
DA:64,0
DA:65,0
DA:66,0
DA:68,0
DA:69,0
DA:72,0
DA:73,0
DA:75,0
DA:76,0
DA:77,0
DA:79,0
DA:80,0
DA:85,0
DA:86,0
DA:87,0
DA:88,0
DA:89,0
DA:91,0
DA:92,0
DA:94,0
DA:95,0
DA:97,0
DA:98,0
DA:100,0
DA:101,0
LF:41
LH:0
end_of_record
SF:lib/features/authentication/data/datasource/authentication_http_datasource/authentication_http_datasource_impl.dart
DA:9,1
DA:11,0
DA:14,0
DA:15,0
DA:17,0
DA:18,0
LF:6
LH:1
end_of_record
SF:lib/features/authentication/data/model/post_list_model.dart
DA:4,0
DA:8,0
DA:9,0
DA:12,0
DA:13,0
DA:14,0
DA:15,0
DA:18,0
DA:22,0
DA:27,0
DA:28,0
DA:29,0
DA:34,0
DA:41,0
DA:42,0
DA:43,0
DA:44,0
DA:45,0
DA:46,0
DA:50,0
DA:51,0
DA:52,0
DA:53,0
DA:54,0
DA:55,0
LF:25
LH:0
end_of_record
SF:lib/core/data/cache/client/base_cache_repository.dart
DA:5,0
LF:1
LH:0
end_of_record
SF:lib/core/domain/error/exceptions.dart
DA:7,1
DA:9,0
DA:10,0
DA:16,0
DA:18,0
DA:19,0
LF:6
LH:1
end_of_record
SF:lib/core/domain/error/failure.dart
DA:6,1
DA:11,0
DA:12,0
DA:16,1
DA:17,0
DA:18,0
DA:22,0
DA:23,0
DA:24,0
LF:9
LH:2
end_of_record
SF:lib/core/data/http/client/api_client_config.dart
DA:9,0
DA:17,0
DA:18,0
LF:3
LH:0
end_of_record
SF:lib/core/data/http/datasource/http_datasource.dart
DA:5,1
LF:1
LH:1
end_of_record
SF:lib/core/data/http/urls/api_urls.dart
DA:6,1
DA:7,2
DA:10,3
LF:3
LH:3
end_of_record
SF:lib/features/authentication/domain/entity/post_list_entity.dart
DA:6,0
DA:10,0
DA:11,0
DA:12,0
DA:22,0
DA:29,0
DA:30,0
DA:31,0
DA:32,0
DA:33,0
DA:34,0
LF:11
LH:0
end_of_record
